<?xml version="1.0" encoding="UTF-8"?>
<testsuite name="Login de usuario exito" tests="1" skipped="1" failures="0" errors="0" timestamp="2022-07-21T15:10:45" hostname="DESKTOP-BS1O569" time="0.078">
  <properties/>
  <testcase name="Login exitoso" classname="Login de usuario exito" time="0.078">
    <skipped/>
  </testcase>
  <system-out><![CDATA[]]></system-out>
  <system-err><![CDATA[[Test worker] INFO net.thucydides.core.steps.ConsoleLoggingListener - TEST PENDING
[Test worker] INFO net.thucydides.core.steps.ConsoleLoggingListener - 
          __  _____ _____ ____ _____   ____  _____ _   _ ____ ___ _   _  ____ 
 _       / / |_   _| ____/ ___|_   _| |  _ \| ____| \ | |  _ \_ _| \ | |/ ___|
(_)____ / /    | | |  _| \___ \ | |   | |_) |  _| |  \| | | | | ||  \| | |  _ 
 |_____/ /     | | | |___ ___) || |   |  __/| |___| |\  | |_| | || |\  | |_| |
(_)   /_/      |_| |_____|____/ |_|   |_|   |_____|_| \_|____/___|_| \_|\____|
                                                                                

TEST PENDING: Login exitoso
---------------------------------------------------------------------------------
]]></system-err>
</testsuite>
